This file contains any messages produced by compilers while
running configure, to aid debugging if configure makes a mistake.

It was created by configure, which was
generated by GNU Autoconf 2.57.  Invocation command line was

  $ ./configure 

## --------- ##
## Platform. ##
## --------- ##

hostname = vittoria
uname -m = i686
uname -r = 2.6.21.1
uname -s = Linux
uname -v = #2 Sat Apr 28 14:08:14 CEST 2007

/usr/bin/uname -p = unknown
/bin/uname -X     = unknown

/bin/arch              = i686
/usr/bin/arch -k       = unknown
/usr/convex/getsysinfo = unknown
hostinfo               = unknown
/bin/machine           = unknown
/usr/bin/oslevel       = unknown
/bin/universe          = unknown

PATH: /usr/local/bin
PATH: /usr/bin
PATH: /bin
PATH: /usr/libexec/paludis/utils
PATH: /bin
PATH: /sbin
PATH: /usr/bin
PATH: /usr/sbin
PATH: /usr/local/bin
PATH: /usr/local/sbin
PATH: /opt/bin
PATH: /opt/blackdown-jdk-1.4.2.03/bin
PATH: /opt/blackdown-jdk-1.4.2.03/jre/bin
PATH: /usr/qt/3/bin
PATH: /opt/vmware/workstation/bin
PATH: /usr/i686-pc-linux-gnu/gcc-bin/4.1.2
PATH: /usr/i686-pc-linux-gnu/gcc-bin/4.1.1
PATH: /usr/games/bin


## ----------- ##
## Core tests. ##
## ----------- ##

configure:1504: checking for a BSD-compatible install
configure:1558: result: /usr/bin/install -c
configure:1569: checking whether build environment is sane
configure:1612: result: yes
configure:1627: checking whether make sets $(MAKE)
configure:1647: result: yes
configure:1679: checking for working aclocal-1.4
configure:1686: result: found
configure:1694: checking for working autoconf
configure:1701: result: found
configure:1709: checking for working automake-1.4
configure:1716: result: found
configure:1724: checking for working autoheader
configure:1731: result: found
configure:1739: checking for working makeinfo
configure:1746: result: found
configure:1767: checking build system type
configure:1785: result: i686-pc-linux-gnu
configure:1793: checking host system type
configure:1807: result: i686-pc-linux-gnu
configure:1862: checking for gcc
configure:1878: found /usr/bin/gcc
configure:1888: result: gcc
configure:2132: checking for C compiler version
configure:2135: gcc --version </dev/null >&5
gcc (GCC) 4.1.2 (Gentoo 4.1.2)
Copyright (C) 2006 Free Software Foundation, Inc.
This is free software; see the source for copying conditions.  There is NO
warranty; not even for MERCHANTABILITY or FITNESS FOR A PARTICULAR PURPOSE.

configure:2138: $? = 0
configure:2140: gcc -v </dev/null >&5
Using built-in specs.
Target: i686-pc-linux-gnu
Configured with: /var/tmp/portage/sys-devel/gcc-4.1.2/work/gcc-4.1.2/configure --prefix=/usr --bindir=/usr/i686-pc-linux-gnu/gcc-bin/4.1.2 --includedir=/usr/lib/gcc/i686-pc-linux-gnu/4.1.2/include --datadir=/usr/share/gcc-data/i686-pc-linux-gnu/4.1.2 --mandir=/usr/share/gcc-data/i686-pc-linux-gnu/4.1.2/man --infodir=/usr/share/gcc-data/i686-pc-linux-gnu/4.1.2/info --with-gxx-include-dir=/usr/lib/gcc/i686-pc-linux-gnu/4.1.2/include/g++-v4 --host=i686-pc-linux-gnu --build=i686-pc-linux-gnu --disable-altivec --enable-nls --without-included-gettext --with-system-zlib --disable-checking --disable-werror --enable-secureplt --disable-libunwind-exceptions --disable-multilib --disable-libmudflap --disable-libssp --disable-libgcj --enable-languages=c,c++,fortran --enable-shared --enable-threads=posix --enable-__cxa_atexit --enable-clocale=gnu
Thread model: posix
gcc version 4.1.2 (Gentoo 4.1.2)
configure:2143: $? = 0
configure:2145: gcc -V </dev/null >&5
gcc: '-V' option must have argument
configure:2148: $? = 1
configure:2172: checking for C compiler default output
configure:2175: gcc    conftest.c  >&5
configure:2178: $? = 0
configure:2224: result: a.out
configure:2229: checking whether the C compiler works
configure:2235: ./a.out
configure:2238: $? = 0
configure:2255: result: yes
configure:2262: checking whether we are cross compiling
configure:2264: result: no
configure:2267: checking for suffix of executables
configure:2269: gcc -o conftest    conftest.c  >&5
configure:2272: $? = 0
configure:2297: result: 
configure:2303: checking for suffix of object files
configure:2325: gcc -c   conftest.c >&5
configure:2328: $? = 0
configure:2350: result: o
configure:2354: checking whether we are using the GNU C compiler
configure:2379: gcc -c   conftest.c >&5
configure:2382: $? = 0
configure:2385: test -s conftest.o
configure:2388: $? = 0
configure:2401: result: yes
configure:2407: checking whether gcc accepts -g
configure:2429: gcc -c -g  conftest.c >&5
configure:2432: $? = 0
configure:2435: test -s conftest.o
configure:2438: $? = 0
configure:2449: result: yes
configure:2466: checking for gcc option to accept ANSI C
configure:2527: gcc  -c -g -O2  conftest.c >&5
configure:2530: $? = 0
configure:2533: test -s conftest.o
configure:2536: $? = 0
configure:2554: result: none needed
configure:2572: gcc -c -g -O2  conftest.c >&5
conftest.c:2: error: expected '=', ',', ';', 'asm' or '__attribute__' before 'me'
configure:2575: $? = 1
configure: failed program was:
| #ifndef __cplusplus
|   choke me
| #endif
configure:2695: checking for a BSD-compatible install
configure:2749: result: /usr/bin/install -c
configure:2801: checking for objdump
configure:2817: found /usr/bin/objdump
configure:2828: result: objdump
configure:2912: checking for a sed that does not truncate output
configure:2966: result: /usr/bin/sed
configure:2969: checking for egrep
configure:2979: result: grep -E
configure:2995: checking for ld used by gcc
configure:3062: result: /usr/i686-pc-linux-gnu/bin/ld
configure:3071: checking if the linker (/usr/i686-pc-linux-gnu/bin/ld) is GNU ld
configure:3086: result: yes
configure:3091: checking for /usr/i686-pc-linux-gnu/bin/ld option to reload object files
configure:3098: result: -r
configure:3107: checking for BSD-compatible nm
configure:3149: result: /usr/bin/nm -B
configure:3153: checking whether ln -s works
configure:3157: result: yes
configure:3164: checking how to recognise dependent libraries
configure:3338: result: pass_all
configure:3542: checking how to run the C preprocessor
configure:3578: gcc -E  conftest.c
configure:3584: $? = 0
configure:3616: gcc -E  conftest.c
configure:3617:28: error: ac_nonexistent.h: No such file or directory
configure:3622: $? = 1
configure: failed program was:
| #line 3607 "configure"
| /* confdefs.h.  */
| 
| #define PACKAGE_NAME ""
| #define PACKAGE_TARNAME ""
| #define PACKAGE_VERSION ""
| #define PACKAGE_STRING ""
| #define PACKAGE_BUGREPORT ""
| #define PACKAGE "iksemel"
| #define VERSION "1.2"
| /* end confdefs.h.  */
| #include <ac_nonexistent.h>
configure:3660: result: gcc -E
configure:3685: gcc -E  conftest.c
configure:3691: $? = 0
configure:3723: gcc -E  conftest.c
configure:3724:28: error: ac_nonexistent.h: No such file or directory
configure:3729: $? = 1
configure: failed program was:
| #line 3714 "configure"
| /* confdefs.h.  */
| 
| #define PACKAGE_NAME ""
| #define PACKAGE_TARNAME ""
| #define PACKAGE_VERSION ""
| #define PACKAGE_STRING ""
| #define PACKAGE_BUGREPORT ""
| #define PACKAGE "iksemel"
| #define VERSION "1.2"
| /* end confdefs.h.  */
| #include <ac_nonexistent.h>
configure:3772: checking for ANSI C header files
configure:3798: gcc -c -g -O2  conftest.c >&5
configure:3801: $? = 0
configure:3804: test -s conftest.o
configure:3807: $? = 0
configure:3899: gcc -o conftest -g -O2   conftest.c  >&5
configure: In function 'main':
configure:3894: warning: incompatible implicit declaration of built-in function 'exit'
configure:3902: $? = 0
configure:3904: ./conftest
configure:3907: $? = 0
configure:3922: result: yes
configure:3946: checking for sys/types.h
configure:3963: gcc -c -g -O2  conftest.c >&5
configure:3966: $? = 0
configure:3969: test -s conftest.o
configure:3972: $? = 0
configure:3983: result: yes
configure:3946: checking for sys/stat.h
configure:3963: gcc -c -g -O2  conftest.c >&5
configure:3966: $? = 0
configure:3969: test -s conftest.o
configure:3972: $? = 0
configure:3983: result: yes
configure:3946: checking for stdlib.h
configure:3963: gcc -c -g -O2  conftest.c >&5
configure:3966: $? = 0
configure:3969: test -s conftest.o
configure:3972: $? = 0
configure:3983: result: yes
configure:3946: checking for string.h
configure:3963: gcc -c -g -O2  conftest.c >&5
configure:3966: $? = 0
configure:3969: test -s conftest.o
configure:3972: $? = 0
configure:3983: result: yes
configure:3946: checking for memory.h
configure:3963: gcc -c -g -O2  conftest.c >&5
configure:3966: $? = 0
configure:3969: test -s conftest.o
configure:3972: $? = 0
configure:3983: result: yes
configure:3946: checking for strings.h
configure:3963: gcc -c -g -O2  conftest.c >&5
configure:3966: $? = 0
configure:3969: test -s conftest.o
configure:3972: $? = 0
configure:3983: result: yes
configure:3946: checking for inttypes.h
configure:3963: gcc -c -g -O2  conftest.c >&5
configure:3966: $? = 0
configure:3969: test -s conftest.o
configure:3972: $? = 0
configure:3983: result: yes
configure:3946: checking for stdint.h
configure:3963: gcc -c -g -O2  conftest.c >&5
configure:3966: $? = 0
configure:3969: test -s conftest.o
configure:3972: $? = 0
configure:3983: result: yes
configure:3946: checking for unistd.h
configure:3963: gcc -c -g -O2  conftest.c >&5
configure:3966: $? = 0
configure:3969: test -s conftest.o
configure:3972: $? = 0
configure:3983: result: yes
configure:4009: checking dlfcn.h usability
configure:4022: gcc -c -g -O2  conftest.c >&5
configure:4025: $? = 0
configure:4028: test -s conftest.o
configure:4031: $? = 0
configure:4041: result: yes
configure:4045: checking dlfcn.h presence
configure:4056: gcc -E  conftest.c
configure:4062: $? = 0
configure:4081: result: yes
configure:4117: checking for dlfcn.h
configure:4124: result: yes
configure:4189: checking for g++
configure:4205: found /usr/bin/g++
configure:4215: result: g++
configure:4231: checking for C++ compiler version
configure:4234: g++ --version </dev/null >&5
g++ (GCC) 4.1.2 (Gentoo 4.1.2)
Copyright (C) 2006 Free Software Foundation, Inc.
This is free software; see the source for copying conditions.  There is NO
warranty; not even for MERCHANTABILITY or FITNESS FOR A PARTICULAR PURPOSE.

configure:4237: $? = 0
configure:4239: g++ -v </dev/null >&5
Using built-in specs.
Target: i686-pc-linux-gnu
Configured with: /var/tmp/portage/sys-devel/gcc-4.1.2/work/gcc-4.1.2/configure --prefix=/usr --bindir=/usr/i686-pc-linux-gnu/gcc-bin/4.1.2 --includedir=/usr/lib/gcc/i686-pc-linux-gnu/4.1.2/include --datadir=/usr/share/gcc-data/i686-pc-linux-gnu/4.1.2 --mandir=/usr/share/gcc-data/i686-pc-linux-gnu/4.1.2/man --infodir=/usr/share/gcc-data/i686-pc-linux-gnu/4.1.2/info --with-gxx-include-dir=/usr/lib/gcc/i686-pc-linux-gnu/4.1.2/include/g++-v4 --host=i686-pc-linux-gnu --build=i686-pc-linux-gnu --disable-altivec --enable-nls --without-included-gettext --with-system-zlib --disable-checking --disable-werror --enable-secureplt --disable-libunwind-exceptions --disable-multilib --disable-libmudflap --disable-libssp --disable-libgcj --enable-languages=c,c++,fortran --enable-shared --enable-threads=posix --enable-__cxa_atexit --enable-clocale=gnu
Thread model: posix
gcc version 4.1.2 (Gentoo 4.1.2)
configure:4242: $? = 0
configure:4244: g++ -V </dev/null >&5
g++: '-V' option must have argument
configure:4247: $? = 1
configure:4250: checking whether we are using the GNU C++ compiler
configure:4275: g++ -c   conftest.cc >&5
configure:4278: $? = 0
configure:4281: test -s conftest.o
configure:4284: $? = 0
configure:4297: result: yes
configure:4303: checking whether g++ accepts -g
configure:4325: g++ -c -g  conftest.cc >&5
configure:4328: $? = 0
configure:4331: test -s conftest.o
configure:4334: $? = 0
configure:4345: result: yes
configure:4388: g++ -c -g -O2  conftest.cc >&5
configure:4391: $? = 0
configure:4394: test -s conftest.o
configure:4397: $? = 0
configure:4424: g++ -c -g -O2  conftest.cc >&5
configure: In function 'int main()':
configure:4432: error: 'exit' was not declared in this scope
configure:4427: $? = 1
configure: failed program was:
| #line 4407 "configure"
| /* confdefs.h.  */
| 
| #define PACKAGE_NAME ""
| #define PACKAGE_TARNAME ""
| #define PACKAGE_VERSION ""
| #define PACKAGE_STRING ""
| #define PACKAGE_BUGREPORT ""
| #define PACKAGE "iksemel"
| #define VERSION "1.2"
| #define STDC_HEADERS 1
| #define HAVE_SYS_TYPES_H 1
| #define HAVE_SYS_STAT_H 1
| #define HAVE_STDLIB_H 1
| #define HAVE_STRING_H 1
| #define HAVE_MEMORY_H 1
| #define HAVE_STRINGS_H 1
| #define HAVE_INTTYPES_H 1
| #define HAVE_STDINT_H 1
| #define HAVE_UNISTD_H 1
| #define HAVE_DLFCN_H 1
| /* end confdefs.h.  */
| 
| int
| main ()
| {
| exit (42);
|   ;
|   return 0;
| }
configure:4388: g++ -c -g -O2  conftest.cc >&5
configure:4391: $? = 0
configure:4394: test -s conftest.o
configure:4397: $? = 0
configure:4424: g++ -c -g -O2  conftest.cc >&5
configure:4427: $? = 0
configure:4430: test -s conftest.o
configure:4433: $? = 0
configure:4461: checking how to run the C++ preprocessor
configure:4493: g++ -E  conftest.cc
configure:4499: $? = 0
configure:4531: g++ -E  conftest.cc
configure:4546:28: error: ac_nonexistent.h: No such file or directory
configure:4537: $? = 1
configure: failed program was:
| #line 4522 "configure"
| /* confdefs.h.  */
| 
| #define PACKAGE_NAME ""
| #define PACKAGE_TARNAME ""
| #define PACKAGE_VERSION ""
| #define PACKAGE_STRING ""
| #define PACKAGE_BUGREPORT ""
| #define PACKAGE "iksemel"
| #define VERSION "1.2"
| #define STDC_HEADERS 1
| #define HAVE_SYS_TYPES_H 1
| #define HAVE_SYS_STAT_H 1
| #define HAVE_STDLIB_H 1
| #define HAVE_STRING_H 1
| #define HAVE_MEMORY_H 1
| #define HAVE_STRINGS_H 1
| #define HAVE_INTTYPES_H 1
| #define HAVE_STDINT_H 1
| #define HAVE_UNISTD_H 1
| #define HAVE_DLFCN_H 1
| #ifdef __cplusplus
| extern "C" void std::exit (int) throw (); using std::exit;
| #endif
| /* end confdefs.h.  */
| #include <ac_nonexistent.h>
configure:4575: result: g++ -E
configure:4600: g++ -E  conftest.cc
configure:4606: $? = 0
configure:4638: g++ -E  conftest.cc
configure:4653:28: error: ac_nonexistent.h: No such file or directory
configure:4644: $? = 1
configure: failed program was:
| #line 4629 "configure"
| /* confdefs.h.  */
| 
| #define PACKAGE_NAME ""
| #define PACKAGE_TARNAME ""
| #define PACKAGE_VERSION ""
| #define PACKAGE_STRING ""
| #define PACKAGE_BUGREPORT ""
| #define PACKAGE "iksemel"
| #define VERSION "1.2"
| #define STDC_HEADERS 1
| #define HAVE_SYS_TYPES_H 1
| #define HAVE_SYS_STAT_H 1
| #define HAVE_STDLIB_H 1
| #define HAVE_STRING_H 1
| #define HAVE_MEMORY_H 1
| #define HAVE_STRINGS_H 1
| #define HAVE_INTTYPES_H 1
| #define HAVE_STDINT_H 1
| #define HAVE_UNISTD_H 1
| #define HAVE_DLFCN_H 1
| #ifdef __cplusplus
| extern "C" void std::exit (int) throw (); using std::exit;
| #endif
| /* end confdefs.h.  */
| #include <ac_nonexistent.h>
configure:4738: checking for g77
configure:4767: result: no
configure:4738: checking for f77
configure:4767: result: no
configure:4738: checking for xlf
configure:4767: result: no
configure:4738: checking for frt
configure:4767: result: no
configure:4738: checking for pgf77
configure:4767: result: no
configure:4738: checking for fl32
configure:4767: result: no
configure:4738: checking for af77
configure:4767: result: no
configure:4738: checking for fort77
configure:4767: result: no
configure:4738: checking for f90
configure:4767: result: no
configure:4738: checking for xlf90
configure:4767: result: no
configure:4738: checking for pgf90
configure:4767: result: no
configure:4738: checking for epcf90
configure:4767: result: no
configure:4738: checking for f95
configure:4767: result: no
configure:4738: checking for fort
configure:4767: result: no
configure:4738: checking for xlf95
configure:4767: result: no
configure:4738: checking for lf95
configure:4767: result: no
configure:4738: checking for g95
configure:4767: result: no
configure:4779: checking for Fortran 77 compiler version
configure:4782:  --version </dev/null >&5
./configure: line 4783: --version: command not found
configure:4785: $? = 127
configure:4787:  -v </dev/null >&5
./configure: line 4788: -v: command not found
configure:4790: $? = 127
configure:4792:  -V </dev/null >&5
./configure: line 4793: -V: command not found
configure:4795: $? = 127
configure:4802: checking whether we are using the GNU Fortran 77 compiler
configure:4816:  -c  conftest.F >&5
./configure: line 4817: -c: command not found
configure:4819: $? = 127
configure: failed program was:
|       program main
| #ifndef __GNUC__
|        choke me
| #endif
| 
|       end
configure:4838: result: no
configure:4845: checking whether  accepts -g
configure:4857:  -c -g conftest.f >&5
./configure: line 4858: -c: command not found
configure:4860: $? = 127
configure: failed program was:
|       program main
| 
|       end
configure:4878: result: no
configure:4906: checking the maximum length of command line arguments
configure:4971: result: 32768
configure:4982: checking command to parse /usr/bin/nm -B output from gcc object
configure:5071: gcc -c -g -O2  conftest.c >&5
configure:5074: $? = 0
configure:5078: /usr/bin/nm -B conftest.o \| sed -n -e 's/^.*[ 	]\([ABCDGIRSTW][ABCDGIRSTW]*\)[ 	][ 	]*\(\)\([_A-Za-z][_A-Za-z0-9]*\)$/\1 \2\3 \3/p' \> conftest.nm
configure:5081: $? = 0
configure:5133: gcc -o conftest -g -O2   conftest.c conftstm.o >&5
configure:5136: $? = 0
configure:5174: result: ok
configure:5178: checking for objdir
configure:5193: result: .libs
configure:5283: checking for ar
configure:5299: found /usr/bin/ar
configure:5310: result: ar
configure:5363: checking for ranlib
configure:5379: found /usr/bin/ranlib
configure:5390: result: ranlib
configure:5443: checking for strip
configure:5459: found /usr/bin/strip
configure:5470: result: strip
configure:5732: checking if gcc static flag  works
configure:5755: result: yes
configure:5773: checking if gcc supports -fno-rtti -fno-exceptions
configure:5791: gcc -c -g -O2  -fno-rtti -fno-exceptions conftest.c >&5
cc1: warning: command line option "-fno-rtti" is valid for C++/ObjC++ but not for C
configure:5795: $? = 0
configure:5806: result: no
configure:5821: checking for gcc option to produce PIC
configure:5998: result: -fPIC
configure:6006: checking if gcc PIC flag -fPIC works
configure:6024: gcc -c -g -O2  -fPIC -DPIC conftest.c >&5
configure:6028: $? = 0
configure:6039: result: yes
configure:6063: checking if gcc supports -c -o file.o
configure:6084: gcc -c -g -O2  -o out/conftest2.o conftest.c >&5
configure:6088: $? = 0
configure:6108: result: yes
configure:6134: checking whether the gcc linker (/usr/i686-pc-linux-gnu/bin/ld) supports shared libraries
configure:6963: result: yes
configure:6989: checking whether -lc should be explicitly linked in
configure:6994: gcc -c -g -O2  conftest.c >&5
configure:6997: $? = 0
configure:7011: gcc -shared conftest.o  -v -Wl,-soname -Wl,conftest -o conftest 2\>\&1 \| grep  -lc  \>/dev/null 2\>\&1
configure:7014: $? = 0
configure:7026: result: no
configure:7034: checking dynamic linker characteristics
configure:7574: result: GNU/Linux ld.so
configure:7578: checking how to hardcode library paths into programs
configure:7603: result: immediate
configure:7617: checking whether stripping libraries is possible
configure:7622: result: yes
configure:8366: checking if libtool supports shared libraries
configure:8368: result: yes
configure:8371: checking whether to build shared libraries
configure:8429: result: yes
configure:8432: checking whether to build static libraries
configure:8436: result: yes
configure:8528: creating libtool
configure:9075: checking for ld used by g++
configure:9142: result: /usr/i686-pc-linux-gnu/bin/ld
configure:9151: checking if the linker (/usr/i686-pc-linux-gnu/bin/ld) is GNU ld
configure:9166: result: yes
configure:9217: checking whether the g++ linker (/usr/i686-pc-linux-gnu/bin/ld) supports shared libraries
configure:10025: result: yes
configure:10043: g++ -c -g -O2  conftest.cc >&5
configure:10046: $? = 0
configure:10142: checking for g++ option to produce PIC
configure:10394: result: -fPIC
configure:10402: checking if g++ PIC flag -fPIC works
configure:10420: g++ -c -g -O2  -fPIC -DPIC conftest.cc >&5
configure:10424: $? = 0
configure:10435: result: yes
configure:10459: checking if g++ supports -c -o file.o
configure:10480: g++ -c -g -O2  -o out/conftest2.o conftest.cc >&5
configure:10484: $? = 0
configure:10504: result: yes
configure:10530: checking whether the g++ linker (/usr/i686-pc-linux-gnu/bin/ld) supports shared libraries
configure:10558: result: yes
configure:10629: checking dynamic linker characteristics
configure:11169: result: GNU/Linux ld.so
configure:11173: checking how to hardcode library paths into programs
configure:11198: result: immediate
configure:11212: checking whether stripping libraries is possible
configure:11217: result: yes
configure:18247: checking for ANSI C header files
configure:18397: result: yes
configure:18414: checking for unistd.h
configure:18419: result: yes
configure:18414: checking for strings.h
configure:18419: result: yes
configure:18423: checking errno.h usability
configure:18436: gcc -c -g -O2  conftest.c >&5
configure:18439: $? = 0
configure:18442: test -s conftest.o
configure:18445: $? = 0
configure:18455: result: yes
configure:18459: checking errno.h presence
configure:18470: gcc -E  conftest.c
configure:18476: $? = 0
configure:18495: result: yes
configure:18531: checking for errno.h
configure:18538: result: yes
configure:18552: checking for an ANSI C-conforming const
configure:18620: gcc -c -g -O2  conftest.c >&5
configure:18623: $? = 0
configure:18626: test -s conftest.o
configure:18629: $? = 0
configure:18640: result: yes
configure:18650: checking for inline
configure:18672: gcc -c -g -O2  conftest.c >&5
configure:18675: $? = 0
configure:18678: test -s conftest.o
configure:18681: $? = 0
configure:18693: result: inline
configure:18708: checking for size_t
configure:18733: gcc -c -g -O2  conftest.c >&5
configure:18736: $? = 0
configure:18739: test -s conftest.o
configure:18742: $? = 0
configure:18753: result: yes
configure:18765: checking for struct stat.st_blksize
configure:18789: gcc -c -g -O2  conftest.c >&5
configure:18792: $? = 0
configure:18795: test -s conftest.o
configure:18798: $? = 0
configure:18846: result: yes
configure:18949: checking for library containing recv
configure:18980: gcc -o conftest -g -O2   conftest.c  >&5
configure:18983: $? = 0
configure:18986: test -s conftest
configure:18989: $? = 0
configure:19048: result: none required
configure:19059: checking for getopt_long
configure:19109: gcc -o conftest -g -O2   conftest.c  >&5
configure:19112: $? = 0
configure:19115: test -s conftest
configure:19118: $? = 0
configure:19129: result: yes
configure:19143: checking for getaddrinfo
configure:19193: gcc -o conftest -g -O2   conftest.c  >&5
configure:19196: $? = 0
configure:19199: test -s conftest
configure:19202: $? = 0
configure:19213: result: yes
configure:19241: checking for libgnutls-config
configure:19259: found /usr/bin/libgnutls-config
configure:19272: result: /usr/bin/libgnutls-config
configure:19280: checking for libgnutls - version >= 0.1.0
configure:19363: gcc -o conftest -g -O2 -I/usr/include -I/usr/include   conftest.c  -L/usr/lib -lgnutls -L/usr/lib -ltasn1 -lgcrypt -lgpg-error >&5
configure:19366: $? = 0
configure:19368: ./conftest
configure:19371: $? = 0
configure:19389: result: yes
configure:19584: creating ./config.status

## ---------------------- ##
## Running config.status. ##
## ---------------------- ##

This file was extended by config.status, which was
generated by GNU Autoconf 2.57.  Invocation command line was

  CONFIG_FILES    = 
  CONFIG_HEADERS  = 
  CONFIG_LINKS    = 
  CONFIG_COMMANDS = 
  $ ./config.status 

on vittoria

config.status:672: creating Makefile
config.status:672: creating iksemel.pc
config.status:672: creating src/Makefile
config.status:672: creating include/Makefile
config.status:672: creating tools/Makefile
config.status:672: creating test/Makefile
config.status:672: creating doc/Makefile
config.status:776: creating include/config.h
config.status:1001: executing default-1 commands

## ---------------- ##
## Cache variables. ##
## ---------------- ##

ac_cv_build=i686-pc-linux-gnu
ac_cv_build_alias=i686-pc-linux-gnu
ac_cv_c_compiler_gnu=yes
ac_cv_c_const=yes
ac_cv_c_inline=inline
ac_cv_cxx_compiler_gnu=yes
ac_cv_env_CC_set=
ac_cv_env_CC_value=
ac_cv_env_CFLAGS_set=
ac_cv_env_CFLAGS_value=
ac_cv_env_CPPFLAGS_set=
ac_cv_env_CPPFLAGS_value=
ac_cv_env_CPP_set=
ac_cv_env_CPP_value=
ac_cv_env_CXXCPP_set=
ac_cv_env_CXXCPP_value=
ac_cv_env_CXXFLAGS_set=
ac_cv_env_CXXFLAGS_value=
ac_cv_env_CXX_set=
ac_cv_env_CXX_value=
ac_cv_env_F77_set=
ac_cv_env_F77_value=
ac_cv_env_FFLAGS_set=
ac_cv_env_FFLAGS_value=
ac_cv_env_LDFLAGS_set=
ac_cv_env_LDFLAGS_value=
ac_cv_env_build_alias_set=
ac_cv_env_build_alias_value=
ac_cv_env_host_alias_set=
ac_cv_env_host_alias_value=
ac_cv_env_target_alias_set=
ac_cv_env_target_alias_value=
ac_cv_exeext=
ac_cv_f77_compiler_gnu=no
ac_cv_func_getaddrinfo=yes
ac_cv_func_getopt_long=yes
ac_cv_header_dlfcn_h=yes
ac_cv_header_errno_h=yes
ac_cv_header_inttypes_h=yes
ac_cv_header_memory_h=yes
ac_cv_header_stdc=yes
ac_cv_header_stdint_h=yes
ac_cv_header_stdlib_h=yes
ac_cv_header_string_h=yes
ac_cv_header_strings_h=yes
ac_cv_header_sys_stat_h=yes
ac_cv_header_sys_types_h=yes
ac_cv_header_unistd_h=yes
ac_cv_host=i686-pc-linux-gnu
ac_cv_host_alias=i686-pc-linux-gnu
ac_cv_member_struct_stat_st_blksize=yes
ac_cv_objext=o
ac_cv_path_LIBGNUTLS_CONFIG=/usr/bin/libgnutls-config
ac_cv_path_install='/usr/bin/install -c'
ac_cv_prog_CPP='gcc -E'
ac_cv_prog_CXXCPP='g++ -E'
ac_cv_prog_ac_ct_AR=ar
ac_cv_prog_ac_ct_CC=gcc
ac_cv_prog_ac_ct_CXX=g++
ac_cv_prog_ac_ct_OBJDUMP=objdump
ac_cv_prog_ac_ct_RANLIB=ranlib
ac_cv_prog_ac_ct_STRIP=strip
ac_cv_prog_cc_g=yes
ac_cv_prog_cc_stdc=
ac_cv_prog_cxx_g=yes
ac_cv_prog_egrep='grep -E'
ac_cv_prog_f77_g=no
ac_cv_prog_make_make_set=yes
ac_cv_search_recv='none required'
ac_cv_type_size_t=yes
lt_cv_deplibs_check_method=pass_all
lt_cv_file_magic_cmd='$MAGIC_CMD'
lt_cv_file_magic_test_file=
lt_cv_ld_reload_flag=-r
lt_cv_objdir=.libs
lt_cv_path_LD=/usr/i686-pc-linux-gnu/bin/ld
lt_cv_path_LDCXX=/usr/i686-pc-linux-gnu/bin/ld
lt_cv_path_NM='/usr/bin/nm -B'
lt_cv_path_SED=/usr/bin/sed
lt_cv_prog_compiler_c_o=yes
lt_cv_prog_compiler_c_o_CXX=yes
lt_cv_prog_compiler_rtti_exceptions=no
lt_cv_prog_gnu_ld=yes
lt_cv_prog_gnu_ldcxx=yes
lt_cv_sys_global_symbol_pipe='sed -n -e '\''s/^.*[ 	]\([ABCDGIRSTW][ABCDGIRSTW]*\)[ 	][ 	]*\(\)\([_A-Za-z][_A-Za-z0-9]*\)$/\1 \2\3 \3/p'\'''
lt_cv_sys_global_symbol_to_c_name_address='sed -n -e '\''s/^: \([^ ]*\) $/  {\"\1\", (lt_ptr) 0},/p'\'' -e '\''s/^[BCDEGRST] \([^ ]*\) \([^ ]*\)$/  {"\2", (lt_ptr) \&\2},/p'\'''
lt_cv_sys_global_symbol_to_cdecl='sed -n -e '\''s/^. .* \(.*\)$/extern int \1;/p'\'''
lt_cv_sys_max_cmd_len=32768
lt_lt_cv_prog_compiler_c_o='"yes"'
lt_lt_cv_prog_compiler_c_o_CXX='"yes"'
lt_lt_cv_sys_global_symbol_pipe='"sed -n -e '\''s/^.*[ 	]\\([ABCDGIRSTW][ABCDGIRSTW]*\\)[ 	][ 	]*\\(\\)\\([_A-Za-z][_A-Za-z0-9]*\\)\$/\\1 \\2\\3 \\3/p'\''"'
lt_lt_cv_sys_global_symbol_to_c_name_address='"sed -n -e '\''s/^: \\([^ ]*\\) \$/  {\\\"\\1\\\", (lt_ptr) 0},/p'\'' -e '\''s/^[BCDEGRST] \\([^ ]*\\) \\([^ ]*\\)\$/  {\"\\2\", (lt_ptr) \\&\\2},/p'\''"'
lt_lt_cv_sys_global_symbol_to_cdecl='"sed -n -e '\''s/^. .* \\(.*\\)\$/extern int \\1;/p'\''"'

## ----------------- ##
## Output variables. ##
## ----------------- ##

ACLOCAL='aclocal-1.4'
AR='ar'
AUTOCONF='autoconf'
AUTOHEADER='autoheader'
AUTOMAKE='automake-1.4'
CC='gcc'
CFLAGS='-g -O2 -Wall'
CPP='gcc -E'
CPPFLAGS=''
CXX='g++'
CXXCPP='g++ -E'
CXXFLAGS='-g -O2'
DEFS='-DHAVE_CONFIG_H'
DO_POSIX_FALSE='#'
DO_POSIX_TRUE=''
ECHO='echo'
ECHO_C=''
ECHO_N='-n'
ECHO_T=''
EGREP='grep -E'
EXEEXT=''
F77=''
FFLAGS=''
INSTALL_DATA='${INSTALL} -m 644'
INSTALL_PROGRAM='${INSTALL}'
INSTALL_SCRIPT='${INSTALL}'
LDFLAGS=''
LIBGNUTLS_CFLAGS='-I/usr/include -I/usr/include'
LIBGNUTLS_CONFIG='/usr/bin/libgnutls-config'
LIBGNUTLS_LIBS='-L/usr/lib -lgnutls -L/usr/lib -ltasn1 -lgcrypt -lgpg-error'
LIBOBJS=''
LIBS=''
LIBTOOL='$(SHELL) $(top_builddir)/libtool'
LN_S='ln -s'
LTLIBOBJS=''
MAKEINFO='makeinfo'
OBJDUMP='objdump'
OBJEXT='o'
PACKAGE='iksemel'
PACKAGE_BUGREPORT=''
PACKAGE_NAME=''
PACKAGE_STRING=''
PACKAGE_TARNAME=''
PACKAGE_VERSION=''
PATH_SEPARATOR=':'
RANLIB='ranlib'
SET_MAKE=''
SHELL='/bin/sh'
STRIP='strip'
VERSION='1.2'
ac_ct_AR='ar'
ac_ct_CC='gcc'
ac_ct_CXX='g++'
ac_ct_F77=''
ac_ct_OBJDUMP='objdump'
ac_ct_RANLIB='ranlib'
ac_ct_STRIP='strip'
bindir='${exec_prefix}/bin'
build='i686-pc-linux-gnu'
build_alias=''
build_cpu='i686'
build_os='linux-gnu'
build_vendor='pc'
datadir='${prefix}/share'
exec_prefix='${prefix}'
host='i686-pc-linux-gnu'
host_alias=''
host_cpu='i686'
host_os='linux-gnu'
host_vendor='pc'
includedir='${prefix}/include'
infodir='${prefix}/info'
libdir='${exec_prefix}/lib'
libexecdir='${exec_prefix}/libexec'
localstatedir='${prefix}/var'
mandir='${prefix}/man'
oldincludedir='/usr/include'
prefix='/usr/local'
program_transform_name='s,x,x,'
sbindir='${exec_prefix}/sbin'
sharedstatedir='${prefix}/com'
sysconfdir='${prefix}/etc'
target_alias=''

## ----------- ##
## confdefs.h. ##
## ----------- ##

#define HAVE_DLFCN_H 1
#define HAVE_ERRNO_H 1
#define HAVE_GETADDRINFO 1
#define HAVE_GETOPT_LONG 1
#define HAVE_GNUTLS
#define HAVE_INTTYPES_H 1
#define HAVE_MEMORY_H 1
#define HAVE_STDINT_H 1
#define HAVE_STDLIB_H 1
#define HAVE_STRINGS_H 1
#define HAVE_STRINGS_H 1
#define HAVE_STRING_H 1
#define HAVE_STRUCT_STAT_ST_BLKSIZE 1
#define HAVE_SYS_STAT_H 1
#define HAVE_SYS_TYPES_H 1
#define HAVE_UNISTD_H 1
#define HAVE_UNISTD_H 1
#define PACKAGE "iksemel"
#define PACKAGE_BUGREPORT ""
#define PACKAGE_NAME ""
#define PACKAGE_STRING ""
#define PACKAGE_TARNAME ""
#define PACKAGE_VERSION ""
#define STDC_HEADERS 1
#define STDC_HEADERS 1
#define USE_DEFAULT_IO 1
#define VERSION "1.2"
#endif
#ifdef __cplusplus
extern "C" void std::exit (int) throw (); using std::exit;

configure: exit 0
